{"name": "test_add_asset_to_my_assets_successful", "status": "broken", "statusDetails": {"message": "selenium.common.exceptions.TimeoutException: Message: \nStacktrace:\n\tGetHandleVerifier [0x00B0F653+11395]\n\t(No symbol) [0x00AEB7A4]\n\t(No symbol) [0x00A31A43]\n\t(No symbol) [0x00A756C8]\n\t(No symbol) [0x00A758AB]\n\t(No symbol) [0x00AB26A2]\n\t(No symbol) [0x00A971E4]\n\t(No symbol) [0x00AB03DC]\n\t(No symbol) [0x00A96F36]\n\t(No symbol) [0x00A6A276]\n\t(No symbol) [0x00A6AECD]\n\tGetHandleVerifier [0x00C12403+1071667]\n\tGetHandleVerifier [0x00C1C9C4+1114100]\n\tGetHandleVerifier [0x00C154B2+1084130]\n\tGetHandleVerifier [0x00B3013B+145259]\n\t(No symbol) [0x00AF1693]\n\t(No symbol) [0x00AEEFB8]\n\t(No symbol) [0x00AEF157]\n\t(No symbol) [0x00AE842E]\n\tBaseThreadInitThunk [0x7719FCC9+25]\n\tRtlGetAppContainerNamedObjectPath [0x778280CE+286]\n\tRtlGetAppContainerNamedObjectPath [0x7782809E+238]", "trace": "self = <test.test_add_to_my_assets.TestAddToMyAssetsPage testMethod=test_add_asset_to_my_assets_successful>\n\n    def test_add_asset_to_my_assets_successful(self):\n        \"\"\"\n        Test adding an asset to 'My Assets' successfully.\n        \"\"\"\n        logging.info(\"----------TESTING add asset to 'My Assets' successfully STARTED----------\")\n        logging.info(f\"Logged in with email: {self.config['email']}\")\n    \n        # Arrange\n>       self.asset_page.add_and_view_my_assets_flow()\n\ntest\\test_add_to_my_assets.py:45: \n_ _ _ _ _ _ _ _ _ _ _ _ _ _ _ _ _ _ _ _ _ _ _ _ _ _ _ _ _ _ _ _ _ _ _ _ _ _ _ _ _ _ _ _ _ _ _ _ _ _ _ _ _ _ _ _ _ _ _ _ _ _ _ _ _ _ _ _ _ _ _ _ _ _ _ _ _ _ _ _ _ _ _ _ _ _ _ _ _ _ _ _\nlogic\\asset_page.py:90: in add_and_view_my_assets_flow\n    self.click_on_accept_to_my_assets_button()\nlogic\\asset_page.py:79: in click_on_accept_to_my_assets_button\n    element = WebDriverWait(self._driver, 10).until(\n_ _ _ _ _ _ _ _ _ _ _ _ _ _ _ _ _ _ _ _ _ _ _ _ _ _ _ _ _ _ _ _ _ _ _ _ _ _ _ _ _ _ _ _ _ _ _ _ _ _ _ _ _ _ _ _ _ _ _ _ _ _ _ _ _ _ _ _ _ _ _ _ _ _ _ _ _ _ _ _ _ _ _ _ _ _ _ _ _ _ _ _\n\nself = <selenium.webdriver.support.wait.WebDriverWait (session=\"c3916d2454f18efd776d796cc8baeeab\")>\nmethod = <function element_to_be_clickable.<locals>._predicate at 0x0000019B36E11580>, message = ''\n\n    def until(self, method: Callable[[D], Union[Literal[False], T]], message: str = \"\") -> T:\n        \"\"\"Calls the method provided with the driver as an argument until the \\\n        return value does not evaluate to ``False``.\n    \n        :param method: callable(WebDriver)\n        :param message: optional message for :exc:`TimeoutException`\n        :returns: the result of the last call to `method`\n        :raises: :exc:`selenium.common.exceptions.TimeoutException` if timeout occurs\n        \"\"\"\n        screen = None\n        stacktrace = None\n    \n        end_time = time.monotonic() + self._timeout\n        while True:\n            try:\n                value = method(self._driver)\n                if value:\n                    return value\n            except self._ignored_exceptions as exc:\n                screen = getattr(exc, \"screen\", None)\n                stacktrace = getattr(exc, \"stacktrace\", None)\n            time.sleep(self._poll)\n            if time.monotonic() > end_time:\n                break\n>       raise TimeoutException(message, screen, stacktrace)\nE       selenium.common.exceptions.TimeoutException: Message: \nE       Stacktrace:\nE       \tGetHandleVerifier [0x00B0F653+11395]\nE       \t(No symbol) [0x00AEB7A4]\nE       \t(No symbol) [0x00A31A43]\nE       \t(No symbol) [0x00A756C8]\nE       \t(No symbol) [0x00A758AB]\nE       \t(No symbol) [0x00AB26A2]\nE       \t(No symbol) [0x00A971E4]\nE       \t(No symbol) [0x00AB03DC]\nE       \t(No symbol) [0x00A96F36]\nE       \t(No symbol) [0x00A6A276]\nE       \t(No symbol) [0x00A6AECD]\nE       \tGetHandleVerifier [0x00C12403+1071667]\nE       \tGetHandleVerifier [0x00C1C9C4+1114100]\nE       \tGetHandleVerifier [0x00C154B2+1084130]\nE       \tGetHandleVerifier [0x00B3013B+145259]\nE       \t(No symbol) [0x00AF1693]\nE       \t(No symbol) [0x00AEEFB8]\nE       \t(No symbol) [0x00AEF157]\nE       \t(No symbol) [0x00AE842E]\nE       \tBaseThreadInitThunk [0x7719FCC9+25]\nE       \tRtlGetAppContainerNamedObjectPath [0x778280CE+286]\nE       \tRtlGetAppContainerNamedObjectPath [0x7782809E+238]\n\nC:\\Users\\User\\AppData\\Local\\Programs\\Python\\Python311\\Lib\\site-packages\\selenium\\webdriver\\support\\wait.py:105: TimeoutException"}, "description": "\n        Test adding an asset to 'My Assets' successfully.\n        ", "attachments": [{"name": "log", "source": "43cdddab-1eb0-40f9-ab70-df4718e3d5a4-attachment.txt", "type": "text/plain"}], "start": 1721902140558, "stop": 1721902180485, "uuid": "ee4a5741-afc2-4d4e-bc3c-77b892c7c575", "historyId": "60eb242d2ba3e2314eefa3c971ab6582", "testCaseId": "60eb242d2ba3e2314eefa3c971ab6582", "fullName": "test.test_add_to_my_assets.TestAddToMyAssetsPage#test_add_asset_to_my_assets_successful", "labels": [{"name": "parentSuite", "value": "test"}, {"name": "suite", "value": "test_add_to_my_assets"}, {"name": "subSuite", "value": "TestAddToMyAssetsPage"}, {"name": "host", "value": "DESKTOP-IGNAR84"}, {"name": "thread", "value": "12556-MainThread"}, {"name": "framework", "value": "pytest"}, {"name": "language", "value": "cpython3"}, {"name": "package", "value": "test.test_add_to_my_assets"}]}